  [1m[35m (0.1ms)[0m  [1m[34mSELECT sqlite_version(*)[0m
  ↳ bin/rails:9
  [1m[35m (113.4ms)[0m  [1m[35mCREATE TABLE "schema_migrations" ("version" varchar NOT NULL PRIMARY KEY)[0m
  ↳ bin/rails:9
  [1m[35m (99.9ms)[0m  [1m[35mCREATE TABLE "ar_internal_metadata" ("key" varchar NOT NULL PRIMARY KEY, "value" varchar, "created_at" datetime NOT NULL, "updated_at" datetime NOT NULL)[0m
  ↳ bin/rails:9
  [1m[35m (0.2ms)[0m  [1m[34mSELECT "schema_migrations"."version" FROM "schema_migrations" ORDER BY "schema_migrations"."version" ASC[0m
  ↳ bin/rails:9
Migrating to CreateAssemblies (20181025172243)
  [1m[35m (0.1ms)[0m  [1m[36mbegin transaction[0m
  ↳ bin/rails:9
  [1m[35m (1.2ms)[0m  [1m[35mCREATE TABLE "assemblies" ("id" integer PRIMARY KEY AUTOINCREMENT NOT NULL, "name" varchar, "last_name" varchar, "created_at" datetime NOT NULL, "updated_at" datetime NOT NULL)[0m
  ↳ db/migrate/20181025172243_create_assemblies.rb:3
  [1m[36mActiveRecord::SchemaMigration Create (0.5ms)[0m  [1m[32mINSERT INTO "schema_migrations" ("version") VALUES (?)[0m  [["version", "20181025172243"]]
  ↳ bin/rails:9
  [1m[35m (103.4ms)[0m  [1m[36mcommit transaction[0m
  ↳ bin/rails:9
Migrating to CreateParts (20181025172252)
  [1m[35m (0.1ms)[0m  [1m[36mbegin transaction[0m
  ↳ bin/rails:9
  [1m[35m (0.4ms)[0m  [1m[35mCREATE TABLE "parts" ("id" integer PRIMARY KEY AUTOINCREMENT NOT NULL, "part_number" varchar, "created_at" datetime NOT NULL, "updated_at" datetime NOT NULL)[0m
  ↳ db/migrate/20181025172252_create_parts.rb:3
  [1m[36mActiveRecord::SchemaMigration Create (0.2ms)[0m  [1m[32mINSERT INTO "schema_migrations" ("version") VALUES (?)[0m  [["version", "20181025172252"]]
  ↳ bin/rails:9
  [1m[35m (118.0ms)[0m  [1m[36mcommit transaction[0m
  ↳ bin/rails:9
Migrating to CreateAssembliesParts (20181025172613)
  [1m[35m (0.1ms)[0m  [1m[36mbegin transaction[0m
  ↳ bin/rails:9
  [1m[35m (0.3ms)[0m  [1m[35mCREATE TABLE "assemblies_parts" ("id" integer PRIMARY KEY AUTOINCREMENT NOT NULL, "assembly_id" integer, "part_id" integer)[0m
  ↳ db/migrate/20181025172613_create_assemblies_parts.rb:3
  [1m[35m (0.1ms)[0m  [1m[35mCREATE  INDEX "index_assemblies_parts_on_assembly_id" ON "assemblies_parts" ("assembly_id")[0m
  ↳ db/migrate/20181025172613_create_assemblies_parts.rb:3
  [1m[35m (0.1ms)[0m  [1m[35mCREATE  INDEX "index_assemblies_parts_on_part_id" ON "assemblies_parts" ("part_id")[0m
  ↳ db/migrate/20181025172613_create_assemblies_parts.rb:3
  [1m[36mActiveRecord::SchemaMigration Create (0.2ms)[0m  [1m[32mINSERT INTO "schema_migrations" ("version") VALUES (?)[0m  [["version", "20181025172613"]]
  ↳ bin/rails:9
  [1m[35m (125.8ms)[0m  [1m[36mcommit transaction[0m
  ↳ bin/rails:9
  [1m[36mActiveRecord::InternalMetadata Load (0.3ms)[0m  [1m[34mSELECT  "ar_internal_metadata".* FROM "ar_internal_metadata" WHERE "ar_internal_metadata"."key" = ? LIMIT ?[0m  [["key", "environment"], ["LIMIT", 1]]
  ↳ bin/rails:9
  [1m[35m (0.1ms)[0m  [1m[36mbegin transaction[0m
  ↳ bin/rails:9
  [1m[36mActiveRecord::InternalMetadata Create (0.3ms)[0m  [1m[32mINSERT INTO "ar_internal_metadata" ("key", "value", "created_at", "updated_at") VALUES (?, ?, ?, ?)[0m  [["key", "environment"], ["value", "development"], ["created_at", "2018-10-25 17:30:26.207382"], ["updated_at", "2018-10-25 17:30:26.207382"]]
  ↳ bin/rails:9
  [1m[35m (89.9ms)[0m  [1m[36mcommit transaction[0m
  ↳ bin/rails:9
  [1m[35m (0.5ms)[0m  [1m[34mSELECT "schema_migrations"."version" FROM "schema_migrations" ORDER BY "schema_migrations"."version" ASC[0m
  ↳ bin/rails:9
  [1m[35m (0.1ms)[0m  [1m[34mSELECT "schema_migrations"."version" FROM "schema_migrations" ORDER BY "schema_migrations"."version" ASC[0m
  ↳ bin/rails:9
  [1m[36mActiveRecord::InternalMetadata Load (0.1ms)[0m  [1m[34mSELECT  "ar_internal_metadata".* FROM "ar_internal_metadata" WHERE "ar_internal_metadata"."key" = ? LIMIT ?[0m  [["key", "environment"], ["LIMIT", 1]]
  ↳ bin/rails:9
  [1m[35m (0.1ms)[0m  [1m[36mbegin transaction[0m
  ↳ bin/rails:9
  [1m[35m (0.0ms)[0m  [1m[36mcommit transaction[0m
  ↳ bin/rails:9
  [1m[35m (0.2ms)[0m  [1m[34mSELECT "schema_migrations"."version" FROM "schema_migrations" ORDER BY "schema_migrations"."version" ASC[0m
  ↳ bin/rails:9
  [1m[35m (0.2ms)[0m  [1m[34mSELECT "schema_migrations"."version" FROM "schema_migrations" ORDER BY "schema_migrations"."version" ASC[0m
  ↳ bin/rails:9
  [1m[35m (0.1ms)[0m  [1m[36mbegin transaction[0m
  ↳ db/seeds.rb:15
  [1m[36mPart Create (42.4ms)[0m  [1m[32mINSERT INTO "parts" ("part_number", "created_at", "updated_at") VALUES (?, ?, ?)[0m  [["part_number", "2799775531"], ["created_at", "2018-10-25 18:12:34.145729"], ["updated_at", "2018-10-25 18:12:34.145729"]]
  ↳ db/seeds.rb:15
  [1m[35m (73.9ms)[0m  [1m[36mcommit transaction[0m
  ↳ db/seeds.rb:15
  [1m[35m (0.1ms)[0m  [1m[36mbegin transaction[0m
  ↳ db/seeds.rb:15
  [1m[36mPart Create (0.6ms)[0m  [1m[32mINSERT INTO "parts" ("part_number", "created_at", "updated_at") VALUES (?, ?, ?)[0m  [["part_number", "3747616176"], ["created_at", "2018-10-25 18:12:34.266362"], ["updated_at", "2018-10-25 18:12:34.266362"]]
  ↳ db/seeds.rb:15
  [1m[35m (85.0ms)[0m  [1m[36mcommit transaction[0m
  ↳ db/seeds.rb:15
  [1m[35m (0.1ms)[0m  [1m[36mbegin transaction[0m
  ↳ db/seeds.rb:15
  [1m[36mPart Create (0.5ms)[0m  [1m[32mINSERT INTO "parts" ("part_number", "created_at", "updated_at") VALUES (?, ?, ?)[0m  [["part_number", "5193078736"], ["created_at", "2018-10-25 18:12:34.355945"], ["updated_at", "2018-10-25 18:12:34.355945"]]
  ↳ db/seeds.rb:15
  [1m[35m (105.6ms)[0m  [1m[36mcommit transaction[0m
  ↳ db/seeds.rb:15
  [1m[35m (0.2ms)[0m  [1m[36mbegin transaction[0m
  ↳ db/seeds.rb:15
  [1m[36mPart Create (0.7ms)[0m  [1m[32mINSERT INTO "parts" ("part_number", "created_at", "updated_at") VALUES (?, ?, ?)[0m  [["part_number", "1420121380"], ["created_at", "2018-10-25 18:12:34.466987"], ["updated_at", "2018-10-25 18:12:34.466987"]]
  ↳ db/seeds.rb:15
  [1m[35m (82.3ms)[0m  [1m[36mcommit transaction[0m
  ↳ db/seeds.rb:15
  [1m[35m (0.1ms)[0m  [1m[36mbegin transaction[0m
  ↳ db/seeds.rb:15
  [1m[36mPart Create (0.5ms)[0m  [1m[32mINSERT INTO "parts" ("part_number", "created_at", "updated_at") VALUES (?, ?, ?)[0m  [["part_number", "2696078259"], ["created_at", "2018-10-25 18:12:34.554330"], ["updated_at", "2018-10-25 18:12:34.554330"]]
  ↳ db/seeds.rb:15
  [1m[35m (73.6ms)[0m  [1m[36mcommit transaction[0m
  ↳ db/seeds.rb:15
  [1m[35m (0.1ms)[0m  [1m[36mbegin transaction[0m
  ↳ db/seeds.rb:15
  [1m[36mPart Create (0.5ms)[0m  [1m[32mINSERT INTO "parts" ("part_number", "created_at", "updated_at") VALUES (?, ?, ?)[0m  [["part_number", "3040363579"], ["created_at", "2018-10-25 18:12:34.633157"], ["updated_at", "2018-10-25 18:12:34.633157"]]
  ↳ db/seeds.rb:15
  [1m[35m (72.6ms)[0m  [1m[36mcommit transaction[0m
  ↳ db/seeds.rb:15
  [1m[35m (0.1ms)[0m  [1m[36mbegin transaction[0m
  ↳ db/seeds.rb:15
  [1m[36mPart Create (0.4ms)[0m  [1m[32mINSERT INTO "parts" ("part_number", "created_at", "updated_at") VALUES (?, ?, ?)[0m  [["part_number", "8774399620"], ["created_at", "2018-10-25 18:12:34.709773"], ["updated_at", "2018-10-25 18:12:34.709773"]]
  ↳ db/seeds.rb:15
  [1m[35m (74.4ms)[0m  [1m[36mcommit transaction[0m
  ↳ db/seeds.rb:15
  [1m[35m (0.1ms)[0m  [1m[36mbegin transaction[0m
  ↳ db/seeds.rb:15
  [1m[36mPart Create (0.4ms)[0m  [1m[32mINSERT INTO "parts" ("part_number", "created_at", "updated_at") VALUES (?, ?, ?)[0m  [["part_number", "2211437333"], ["created_at", "2018-10-25 18:12:34.788520"], ["updated_at", "2018-10-25 18:12:34.788520"]]
  ↳ db/seeds.rb:15
  [1m[35m (84.1ms)[0m  [1m[36mcommit transaction[0m
  ↳ db/seeds.rb:15
  [1m[35m (0.1ms)[0m  [1m[36mbegin transaction[0m
  ↳ db/seeds.rb:15
  [1m[36mPart Create (0.5ms)[0m  [1m[32mINSERT INTO "parts" ("part_number", "created_at", "updated_at") VALUES (?, ?, ?)[0m  [["part_number", "1023550543"], ["created_at", "2018-10-25 18:12:34.876426"], ["updated_at", "2018-10-25 18:12:34.876426"]]
  ↳ db/seeds.rb:15
  [1m[35m (74.2ms)[0m  [1m[36mcommit transaction[0m
  ↳ db/seeds.rb:15
  [1m[35m (0.1ms)[0m  [1m[36mbegin transaction[0m
  ↳ db/seeds.rb:15
  [1m[36mPart Create (0.3ms)[0m  [1m[32mINSERT INTO "parts" ("part_number", "created_at", "updated_at") VALUES (?, ?, ?)[0m  [["part_number", "4074193566"], ["created_at", "2018-10-25 18:12:34.954803"], ["updated_at", "2018-10-25 18:12:34.954803"]]
  ↳ db/seeds.rb:15
  [1m[35m (83.6ms)[0m  [1m[36mcommit transaction[0m
  ↳ db/seeds.rb:15
  [1m[35m (0.2ms)[0m  [1m[34mSELECT "schema_migrations"."version" FROM "schema_migrations" ORDER BY "schema_migrations"."version" ASC[0m
  ↳ bin/rails:9
  [1m[35m (0.1ms)[0m  [1m[36mbegin transaction[0m
  ↳ db/seeds.rb:15
  [1m[36mPart Create (0.3ms)[0m  [1m[32mINSERT INTO "parts" ("part_number", "created_at", "updated_at") VALUES (?, ?, ?)[0m  [["part_number", "4460761124"], ["created_at", "2018-10-25 18:13:01.804796"], ["updated_at", "2018-10-25 18:13:01.804796"]]
  ↳ db/seeds.rb:15
  [1m[35m (114.0ms)[0m  [1m[36mcommit transaction[0m
  ↳ db/seeds.rb:15
  [1m[35m (0.1ms)[0m  [1m[36mbegin transaction[0m
  ↳ db/seeds.rb:15
  [1m[36mPart Create (0.4ms)[0m  [1m[32mINSERT INTO "parts" ("part_number", "created_at", "updated_at") VALUES (?, ?, ?)[0m  [["part_number", "7796042619"], ["created_at", "2018-10-25 18:13:01.921752"], ["updated_at", "2018-10-25 18:13:01.921752"]]
  ↳ db/seeds.rb:15
  [1m[35m (63.8ms)[0m  [1m[36mcommit transaction[0m
  ↳ db/seeds.rb:15
  [1m[35m (0.1ms)[0m  [1m[36mbegin transaction[0m
  ↳ db/seeds.rb:15
  [1m[36mPart Create (0.4ms)[0m  [1m[32mINSERT INTO "parts" ("part_number", "created_at", "updated_at") VALUES (?, ?, ?)[0m  [["part_number", "1613033115"], ["created_at", "2018-10-25 18:13:01.988150"], ["updated_at", "2018-10-25 18:13:01.988150"]]
  ↳ db/seeds.rb:15
  [1m[35m (63.5ms)[0m  [1m[36mcommit transaction[0m
  ↳ db/seeds.rb:15
  [1m[35m (0.1ms)[0m  [1m[36mbegin transaction[0m
  ↳ db/seeds.rb:15
  [1m[36mPart Create (0.3ms)[0m  [1m[32mINSERT INTO "parts" ("part_number", "created_at", "updated_at") VALUES (?, ?, ?)[0m  [["part_number", "4381748212"], ["created_at", "2018-10-25 18:13:02.055362"], ["updated_at", "2018-10-25 18:13:02.055362"]]
  ↳ db/seeds.rb:15
  [1m[35m (63.3ms)[0m  [1m[36mcommit transaction[0m
  ↳ db/seeds.rb:15
  [1m[35m (0.1ms)[0m  [1m[36mbegin transaction[0m
  ↳ db/seeds.rb:15
  [1m[36mPart Create (0.3ms)[0m  [1m[32mINSERT INTO "parts" ("part_number", "created_at", "updated_at") VALUES (?, ?, ?)[0m  [["part_number", "2018941416"], ["created_at", "2018-10-25 18:13:02.121336"], ["updated_at", "2018-10-25 18:13:02.121336"]]
  ↳ db/seeds.rb:15
  [1m[35m (64.0ms)[0m  [1m[36mcommit transaction[0m
  ↳ db/seeds.rb:15
  [1m[35m (0.1ms)[0m  [1m[36mbegin transaction[0m
  ↳ db/seeds.rb:15
  [1m[36mPart Create (0.4ms)[0m  [1m[32mINSERT INTO "parts" ("part_number", "created_at", "updated_at") VALUES (?, ?, ?)[0m  [["part_number", "9053149378"], ["created_at", "2018-10-25 18:13:02.187930"], ["updated_at", "2018-10-25 18:13:02.187930"]]
  ↳ db/seeds.rb:15
  [1m[35m (63.5ms)[0m  [1m[36mcommit transaction[0m
  ↳ db/seeds.rb:15
  [1m[35m (0.1ms)[0m  [1m[36mbegin transaction[0m
  ↳ db/seeds.rb:15
  [1m[36mPart Create (0.4ms)[0m  [1m[32mINSERT INTO "parts" ("part_number", "created_at", "updated_at") VALUES (?, ?, ?)[0m  [["part_number", "4592814366"], ["created_at", "2018-10-25 18:13:02.254035"], ["updated_at", "2018-10-25 18:13:02.254035"]]
  ↳ db/seeds.rb:15
  [1m[35m (75.3ms)[0m  [1m[36mcommit transaction[0m
  ↳ db/seeds.rb:15
  [1m[35m (0.1ms)[0m  [1m[36mbegin transaction[0m
  ↳ db/seeds.rb:15
  [1m[36mPart Create (0.3ms)[0m  [1m[32mINSERT INTO "parts" ("part_number", "created_at", "updated_at") VALUES (?, ?, ?)[0m  [["part_number", "2638518075"], ["created_at", "2018-10-25 18:13:02.332365"], ["updated_at", "2018-10-25 18:13:02.332365"]]
  ↳ db/seeds.rb:15
  [1m[35m (74.6ms)[0m  [1m[36mcommit transaction[0m
  ↳ db/seeds.rb:15
  [1m[35m (0.1ms)[0m  [1m[36mbegin transaction[0m
  ↳ db/seeds.rb:15
  [1m[36mPart Create (0.3ms)[0m  [1m[32mINSERT INTO "parts" ("part_number", "created_at", "updated_at") VALUES (?, ?, ?)[0m  [["part_number", "8476215532"], ["created_at", "2018-10-25 18:13:02.409273"], ["updated_at", "2018-10-25 18:13:02.409273"]]
  ↳ db/seeds.rb:15
  [1m[35m (75.6ms)[0m  [1m[36mcommit transaction[0m
  ↳ db/seeds.rb:15
  [1m[35m (0.1ms)[0m  [1m[36mbegin transaction[0m
  ↳ db/seeds.rb:15
  [1m[36mPart Create (0.4ms)[0m  [1m[32mINSERT INTO "parts" ("part_number", "created_at", "updated_at") VALUES (?, ?, ?)[0m  [["part_number", "4379996028"], ["created_at", "2018-10-25 18:13:02.486910"], ["updated_at", "2018-10-25 18:13:02.486910"]]
  ↳ db/seeds.rb:15
  [1m[35m (86.3ms)[0m  [1m[36mcommit transaction[0m
  ↳ db/seeds.rb:15
  [1m[35m (0.1ms)[0m  [1m[36mbegin transaction[0m
  ↳ db/seeds.rb:21
  [1m[36mAssembly Create (22.3ms)[0m  [1m[32mINSERT INTO "assemblies" ("name", "last_name", "created_at", "updated_at") VALUES (?, ?, ?, ?)[0m  [["name", "Poliwrath"], ["last_name", "Pamella"], ["created_at", "2018-10-25 18:13:04.563034"], ["updated_at", "2018-10-25 18:13:04.563034"]]
  ↳ db/seeds.rb:21
  [1m[35m (84.8ms)[0m  [1m[36mcommit transaction[0m
  ↳ db/seeds.rb:21
  [1m[35m (0.2ms)[0m  [1m[36mbegin transaction[0m
  ↳ db/seeds.rb:21
  [1m[36mAssembly Create (0.6ms)[0m  [1m[32mINSERT INTO "assemblies" ("name", "last_name", "created_at", "updated_at") VALUES (?, ?, ?, ?)[0m  [["name", "Nidoking"], ["last_name", "Zelda"], ["created_at", "2018-10-25 18:13:04.674626"], ["updated_at", "2018-10-25 18:13:04.674626"]]
  ↳ db/seeds.rb:21
  [1m[35m (96.3ms)[0m  [1m[36mcommit transaction[0m
  ↳ db/seeds.rb:21
  [1m[35m (0.1ms)[0m  [1m[36mbegin transaction[0m
  ↳ db/seeds.rb:21
  [1m[36mAssembly Create (0.3ms)[0m  [1m[32mINSERT INTO "assemblies" ("name", "last_name", "created_at", "updated_at") VALUES (?, ?, ?, ?)[0m  [["name", "Shellder"], ["last_name", "Evita"], ["created_at", "2018-10-25 18:13:04.774029"], ["updated_at", "2018-10-25 18:13:04.774029"]]
  ↳ db/seeds.rb:21
  [1m[35m (74.7ms)[0m  [1m[36mcommit transaction[0m
  ↳ db/seeds.rb:21
  [1m[35m (0.1ms)[0m  [1m[36mbegin transaction[0m
  ↳ db/seeds.rb:21
  [1m[36mAssembly Create (0.5ms)[0m  [1m[32mINSERT INTO "assemblies" ("name", "last_name", "created_at", "updated_at") VALUES (?, ?, ?, ?)[0m  [["name", "Haunter"], ["last_name", "Cleta"], ["created_at", "2018-10-25 18:13:04.853307"], ["updated_at", "2018-10-25 18:13:04.853307"]]
  ↳ db/seeds.rb:21
  [1m[35m (84.5ms)[0m  [1m[36mcommit transaction[0m
  ↳ db/seeds.rb:21
  [1m[35m (0.1ms)[0m  [1m[36mbegin transaction[0m
  ↳ db/seeds.rb:21
  [1m[36mAssembly Create (0.4ms)[0m  [1m[32mINSERT INTO "assemblies" ("name", "last_name", "created_at", "updated_at") VALUES (?, ?, ?, ?)[0m  [["name", "Snorlax"], ["last_name", "Kenya"], ["created_at", "2018-10-25 18:13:04.940824"], ["updated_at", "2018-10-25 18:13:04.940824"]]
  ↳ db/seeds.rb:21
  [1m[35m (84.5ms)[0m  [1m[36mcommit transaction[0m
  ↳ db/seeds.rb:21
  [1m[35m (0.1ms)[0m  [1m[36mbegin transaction[0m
  ↳ db/seeds.rb:21
  [1m[36mAssembly Create (0.3ms)[0m  [1m[32mINSERT INTO "assemblies" ("name", "last_name", "created_at", "updated_at") VALUES (?, ?, ?, ?)[0m  [["name", "Gengar"], ["last_name", "Soledad"], ["created_at", "2018-10-25 18:13:05.029095"], ["updated_at", "2018-10-25 18:13:05.029095"]]
  ↳ db/seeds.rb:21
  [1m[35m (93.6ms)[0m  [1m[36mcommit transaction[0m
  ↳ db/seeds.rb:21
  [1m[35m (0.1ms)[0m  [1m[36mbegin transaction[0m
  ↳ db/seeds.rb:21
  [1m[36mAssembly Create (0.5ms)[0m  [1m[32mINSERT INTO "assemblies" ("name", "last_name", "created_at", "updated_at") VALUES (?, ?, ?, ?)[0m  [["name", "Butterfree"], ["last_name", "Greta"], ["created_at", "2018-10-25 18:13:05.130177"], ["updated_at", "2018-10-25 18:13:05.130177"]]
  ↳ db/seeds.rb:21
  [1m[35m (93.8ms)[0m  [1m[36mcommit transaction[0m
  ↳ db/seeds.rb:21
  [1m[35m (0.1ms)[0m  [1m[36mbegin transaction[0m
  ↳ db/seeds.rb:21
  [1m[36mAssembly Create (0.4ms)[0m  [1m[32mINSERT INTO "assemblies" ("name", "last_name", "created_at", "updated_at") VALUES (?, ?, ?, ?)[0m  [["name", "Ponyta"], ["last_name", "Kasha"], ["created_at", "2018-10-25 18:13:05.229965"], ["updated_at", "2018-10-25 18:13:05.229965"]]
  ↳ db/seeds.rb:21
  [1m[35m (93.2ms)[0m  [1m[36mcommit transaction[0m
  ↳ db/seeds.rb:21
  [1m[35m (0.2ms)[0m  [1m[36mbegin transaction[0m
  ↳ db/seeds.rb:21
  [1m[36mAssembly Create (1.4ms)[0m  [1m[32mINSERT INTO "assemblies" ("name", "last_name", "created_at", "updated_at") VALUES (?, ?, ?, ?)[0m  [["name", "Bellsprout"], ["last_name", "Beverly"], ["created_at", "2018-10-25 18:13:05.333288"], ["updated_at", "2018-10-25 18:13:05.333288"]]
  ↳ db/seeds.rb:21
  [1m[35m (88.5ms)[0m  [1m[36mcommit transaction[0m
  ↳ db/seeds.rb:21
  [1m[35m (0.1ms)[0m  [1m[36mbegin transaction[0m
  ↳ db/seeds.rb:21
  [1m[36mAssembly Create (0.4ms)[0m  [1m[32mINSERT INTO "assemblies" ("name", "last_name", "created_at", "updated_at") VALUES (?, ?, ?, ?)[0m  [["name", "Mr. Mime"], ["last_name", "Eve"], ["created_at", "2018-10-25 18:13:05.429566"], ["updated_at", "2018-10-25 18:13:05.429566"]]
  ↳ db/seeds.rb:21
  [1m[35m (72.7ms)[0m  [1m[36mcommit transaction[0m
  ↳ db/seeds.rb:21
  [1m[35m (0.1ms)[0m  [1m[34mSELECT "schema_migrations"."version" FROM "schema_migrations" ORDER BY "schema_migrations"."version" ASC[0m
  ↳ bin/rails:9
  [1m[35m (0.0ms)[0m  [1m[36mbegin transaction[0m
  ↳ db/seeds.rb:15
  [1m[36mPart Create (0.4ms)[0m  [1m[32mINSERT INTO "parts" ("part_number", "created_at", "updated_at") VALUES (?, ?, ?)[0m  [["part_number", "4964348642"], ["created_at", "2018-10-25 18:15:40.770883"], ["updated_at", "2018-10-25 18:15:40.770883"]]
  ↳ db/seeds.rb:15
  [1m[35m (87.8ms)[0m  [1m[36mcommit transaction[0m
  ↳ db/seeds.rb:15
  [1m[35m (0.1ms)[0m  [1m[36mbegin transaction[0m
  ↳ db/seeds.rb:15
  [1m[36mPart Create (0.5ms)[0m  [1m[32mINSERT INTO "parts" ("part_number", "created_at", "updated_at") VALUES (?, ?, ?)[0m  [["part_number", "5185404425"], ["created_at", "2018-10-25 18:15:40.863981"], ["updated_at", "2018-10-25 18:15:40.863981"]]
  ↳ db/seeds.rb:15
  [1m[35m (91.9ms)[0m  [1m[36mcommit transaction[0m
  ↳ db/seeds.rb:15
  [1m[35m (0.1ms)[0m  [1m[36mbegin transaction[0m
  ↳ db/seeds.rb:15
  [1m[36mPart Create (0.5ms)[0m  [1m[32mINSERT INTO "parts" ("part_number", "created_at", "updated_at") VALUES (?, ?, ?)[0m  [["part_number", "7437690183"], ["created_at", "2018-10-25 18:15:40.960679"], ["updated_at", "2018-10-25 18:15:40.960679"]]
  ↳ db/seeds.rb:15
  [1m[35m (94.2ms)[0m  [1m[36mcommit transaction[0m
  ↳ db/seeds.rb:15
  [1m[35m (0.1ms)[0m  [1m[36mbegin transaction[0m
  ↳ db/seeds.rb:15
  [1m[36mPart Create (0.4ms)[0m  [1m[32mINSERT INTO "parts" ("part_number", "created_at", "updated_at") VALUES (?, ?, ?)[0m  [["part_number", "8319835894"], ["created_at", "2018-10-25 18:15:41.060708"], ["updated_at", "2018-10-25 18:15:41.060708"]]
  ↳ db/seeds.rb:15
  [1m[35m (95.0ms)[0m  [1m[36mcommit transaction[0m
  ↳ db/seeds.rb:15
  [1m[35m (0.1ms)[0m  [1m[36mbegin transaction[0m
  ↳ db/seeds.rb:15
  [1m[36mPart Create (0.4ms)[0m  [1m[32mINSERT INTO "parts" ("part_number", "created_at", "updated_at") VALUES (?, ?, ?)[0m  [["part_number", "7146068226"], ["created_at", "2018-10-25 18:15:41.160810"], ["updated_at", "2018-10-25 18:15:41.160810"]]
  ↳ db/seeds.rb:15
  [1m[35m (83.2ms)[0m  [1m[36mcommit transaction[0m
  ↳ db/seeds.rb:15
  [1m[35m (0.1ms)[0m  [1m[36mbegin transaction[0m
  ↳ db/seeds.rb:15
  [1m[36mPart Create (0.4ms)[0m  [1m[32mINSERT INTO "parts" ("part_number", "created_at", "updated_at") VALUES (?, ?, ?)[0m  [["part_number", "6755089213"], ["created_at", "2018-10-25 18:15:41.248638"], ["updated_at", "2018-10-25 18:15:41.248638"]]
  ↳ db/seeds.rb:15
  [1m[35m (85.7ms)[0m  [1m[36mcommit transaction[0m
  ↳ db/seeds.rb:15
  [1m[35m (0.1ms)[0m  [1m[36mbegin transaction[0m
  ↳ db/seeds.rb:15
  [1m[36mPart Create (0.4ms)[0m  [1m[32mINSERT INTO "parts" ("part_number", "created_at", "updated_at") VALUES (?, ?, ?)[0m  [["part_number", "8763943552"], ["created_at", "2018-10-25 18:15:41.337227"], ["updated_at", "2018-10-25 18:15:41.337227"]]
  ↳ db/seeds.rb:15
  [1m[35m (96.2ms)[0m  [1m[36mcommit transaction[0m
  ↳ db/seeds.rb:15
  [1m[35m (0.1ms)[0m  [1m[36mbegin transaction[0m
  ↳ db/seeds.rb:15
  [1m[36mPart Create (0.5ms)[0m  [1m[32mINSERT INTO "parts" ("part_number", "created_at", "updated_at") VALUES (?, ?, ?)[0m  [["part_number", "5493392227"], ["created_at", "2018-10-25 18:15:41.437810"], ["updated_at", "2018-10-25 18:15:41.437810"]]
  ↳ db/seeds.rb:15
  [1m[35m (94.5ms)[0m  [1m[36mcommit transaction[0m
  ↳ db/seeds.rb:15
  [1m[35m (0.1ms)[0m  [1m[36mbegin transaction[0m
  ↳ db/seeds.rb:15
  [1m[36mPart Create (0.4ms)[0m  [1m[32mINSERT INTO "parts" ("part_number", "created_at", "updated_at") VALUES (?, ?, ?)[0m  [["part_number", "2573897519"], ["created_at", "2018-10-25 18:15:41.537226"], ["updated_at", "2018-10-25 18:15:41.537226"]]
  ↳ db/seeds.rb:15
  [1m[35m (84.8ms)[0m  [1m[36mcommit transaction[0m
  ↳ db/seeds.rb:15
  [1m[35m (0.1ms)[0m  [1m[36mbegin transaction[0m
  ↳ db/seeds.rb:15
  [1m[36mPart Create (0.3ms)[0m  [1m[32mINSERT INTO "parts" ("part_number", "created_at", "updated_at") VALUES (?, ?, ?)[0m  [["part_number", "9615701400"], ["created_at", "2018-10-25 18:15:41.626014"], ["updated_at", "2018-10-25 18:15:41.626014"]]
  ↳ db/seeds.rb:15
  [1m[35m (86.7ms)[0m  [1m[36mcommit transaction[0m
  ↳ db/seeds.rb:15
  [1m[35m (0.0ms)[0m  [1m[36mbegin transaction[0m
  ↳ db/seeds.rb:21
  [1m[36mAssembly Create (0.3ms)[0m  [1m[32mINSERT INTO "assemblies" ("name", "last_name", "created_at", "updated_at") VALUES (?, ?, ?, ?)[0m  [["name", "Venusaur"], ["last_name", "Magan"], ["created_at", "2018-10-25 18:15:41.796875"], ["updated_at", "2018-10-25 18:15:41.796875"]]
  ↳ db/seeds.rb:21
  [1m[35m (91.0ms)[0m  [1m[36mcommit transaction[0m
  ↳ db/seeds.rb:21
  [1m[35m (0.1ms)[0m  [1m[36mbegin transaction[0m
  ↳ db/seeds.rb:21
  [1m[36mAssembly Create (0.4ms)[0m  [1m[32mINSERT INTO "assemblies" ("name", "last_name", "created_at", "updated_at") VALUES (?, ?, ?, ?)[0m  [["name", "Hitmonchan"], ["last_name", "Roxanne"], ["created_at", "2018-10-25 18:15:41.892172"], ["updated_at", "2018-10-25 18:15:41.892172"]]
  ↳ db/seeds.rb:21
  [1m[35m (83.4ms)[0m  [1m[36mcommit transaction[0m
  ↳ db/seeds.rb:21
  [1m[35m (0.1ms)[0m  [1m[36mbegin transaction[0m
  ↳ db/seeds.rb:21
  [1m[36mAssembly Create (0.5ms)[0m  [1m[32mINSERT INTO "assemblies" ("name", "last_name", "created_at", "updated_at") VALUES (?, ?, ?, ?)[0m  [["name", "Jynx"], ["last_name", "Ruben"], ["created_at", "2018-10-25 18:15:41.981382"], ["updated_at", "2018-10-25 18:15:41.981382"]]
  ↳ db/seeds.rb:21
  [1m[35m (94.9ms)[0m  [1m[36mcommit transaction[0m
  ↳ db/seeds.rb:21
  [1m[35m (0.1ms)[0m  [1m[36mbegin transaction[0m
  ↳ db/seeds.rb:21
  [1m[36mAssembly Create (0.4ms)[0m  [1m[32mINSERT INTO "assemblies" ("name", "last_name", "created_at", "updated_at") VALUES (?, ?, ?, ?)[0m  [["name", "Clefable"], ["last_name", "Lavenia"], ["created_at", "2018-10-25 18:15:42.080531"], ["updated_at", "2018-10-25 18:15:42.080531"]]
  ↳ db/seeds.rb:21
  [1m[35m (84.3ms)[0m  [1m[36mcommit transaction[0m
  ↳ db/seeds.rb:21
  [1m[35m (0.1ms)[0m  [1m[36mbegin transaction[0m
  ↳ db/seeds.rb:21
  [1m[36mAssembly Create (0.5ms)[0m  [1m[32mINSERT INTO "assemblies" ("name", "last_name", "created_at", "updated_at") VALUES (?, ?, ?, ?)[0m  [["name", "Nidoran"], ["last_name", "Magan"], ["created_at", "2018-10-25 18:15:42.169251"], ["updated_at", "2018-10-25 18:15:42.169251"]]
  ↳ db/seeds.rb:21
  [1m[35m (85.3ms)[0m  [1m[36mcommit transaction[0m
  ↳ db/seeds.rb:21
  [1m[35m (0.1ms)[0m  [1m[36mbegin transaction[0m
  ↳ db/seeds.rb:21
  [1m[36mAssembly Create (0.5ms)[0m  [1m[32mINSERT INTO "assemblies" ("name", "last_name", "created_at", "updated_at") VALUES (?, ?, ?, ?)[0m  [["name", "Vaporeon"], ["last_name", "Odis"], ["created_at", "2018-10-25 18:15:42.258301"], ["updated_at", "2018-10-25 18:15:42.258301"]]
  ↳ db/seeds.rb:21
  [1m[35m (95.4ms)[0m  [1m[36mcommit transaction[0m
  ↳ db/seeds.rb:21
  [1m[35m (0.1ms)[0m  [1m[36mbegin transaction[0m
  ↳ db/seeds.rb:21
  [1m[36mAssembly Create (0.4ms)[0m  [1m[32mINSERT INTO "assemblies" ("name", "last_name", "created_at", "updated_at") VALUES (?, ?, ?, ?)[0m  [["name", "Kingler"], ["last_name", "Ronald"], ["created_at", "2018-10-25 18:15:42.357332"], ["updated_at", "2018-10-25 18:15:42.357332"]]
  ↳ db/seeds.rb:21
  [1m[35m (84.4ms)[0m  [1m[36mcommit transaction[0m
  ↳ db/seeds.rb:21
  [1m[35m (0.1ms)[0m  [1m[36mbegin transaction[0m
  ↳ db/seeds.rb:21
  [1m[36mAssembly Create (0.4ms)[0m  [1m[32mINSERT INTO "assemblies" ("name", "last_name", "created_at", "updated_at") VALUES (?, ?, ?, ?)[0m  [["name", "Magneton"], ["last_name", "Shauna"], ["created_at", "2018-10-25 18:15:42.446488"], ["updated_at", "2018-10-25 18:15:42.446488"]]
  ↳ db/seeds.rb:21
  [1m[35m (85.5ms)[0m  [1m[36mcommit transaction[0m
  ↳ db/seeds.rb:21
  [1m[35m (0.1ms)[0m  [1m[36mbegin transaction[0m
  ↳ db/seeds.rb:21
  [1m[36mAssembly Create (0.4ms)[0m  [1m[32mINSERT INTO "assemblies" ("name", "last_name", "created_at", "updated_at") VALUES (?, ?, ?, ?)[0m  [["name", "Goldeen"], ["last_name", "Sherita"], ["created_at", "2018-10-25 18:15:42.535512"], ["updated_at", "2018-10-25 18:15:42.535512"]]
  ↳ db/seeds.rb:21
  [1m[35m (73.1ms)[0m  [1m[36mcommit transaction[0m
  ↳ db/seeds.rb:21
  [1m[35m (0.1ms)[0m  [1m[36mbegin transaction[0m
  ↳ db/seeds.rb:21
  [1m[36mAssembly Create (0.4ms)[0m  [1m[32mINSERT INTO "assemblies" ("name", "last_name", "created_at", "updated_at") VALUES (?, ?, ?, ?)[0m  [["name", "Rapidash"], ["last_name", "Hiroko"], ["created_at", "2018-10-25 18:15:42.612818"], ["updated_at", "2018-10-25 18:15:42.612818"]]
  ↳ db/seeds.rb:21
  [1m[35m (84.9ms)[0m  [1m[36mcommit transaction[0m
  ↳ db/seeds.rb:21
  [1m[35m (0.1ms)[0m  [1m[34mSELECT "schema_migrations"."version" FROM "schema_migrations" ORDER BY "schema_migrations"."version" ASC[0m
  ↳ bin/rails:9
  [1m[35m (0.1ms)[0m  [1m[36mbegin transaction[0m
  ↳ db/seeds.rb:15
  [1m[36mPart Create (0.5ms)[0m  [1m[32mINSERT INTO "parts" ("part_number", "created_at", "updated_at") VALUES (?, ?, ?)[0m  [["part_number", "9054581145"], ["created_at", "2018-10-25 18:23:43.642347"], ["updated_at", "2018-10-25 18:23:43.642347"]]
  ↳ db/seeds.rb:15
  [1m[35m (72.1ms)[0m  [1m[36mcommit transaction[0m
  ↳ db/seeds.rb:15
  [1m[35m (0.1ms)[0m  [1m[36mbegin transaction[0m
  ↳ db/seeds.rb:15
  [1m[36mPart Create (0.3ms)[0m  [1m[32mINSERT INTO "parts" ("part_number", "created_at", "updated_at") VALUES (?, ?, ?)[0m  [["part_number", "8477724821"], ["created_at", "2018-10-25 18:23:43.717317"], ["updated_at", "2018-10-25 18:23:43.717317"]]
  ↳ db/seeds.rb:15
  [1m[35m (86.8ms)[0m  [1m[36mcommit transaction[0m
  ↳ db/seeds.rb:15
  [1m[35m (0.1ms)[0m  [1m[36mbegin transaction[0m
  ↳ db/seeds.rb:15
  [1m[36mPart Create (0.3ms)[0m  [1m[32mINSERT INTO "parts" ("part_number", "created_at", "updated_at") VALUES (?, ?, ?)[0m  [["part_number", "8381914075"], ["created_at", "2018-10-25 18:23:43.806394"], ["updated_at", "2018-10-25 18:23:43.806394"]]
  ↳ db/seeds.rb:15
  [1m[35m (86.3ms)[0m  [1m[36mcommit transaction[0m
  ↳ db/seeds.rb:15
  [1m[35m (0.1ms)[0m  [1m[36mbegin transaction[0m
  ↳ db/seeds.rb:15
  [1m[36mPart Create (0.4ms)[0m  [1m[32mINSERT INTO "parts" ("part_number", "created_at", "updated_at") VALUES (?, ?, ?)[0m  [["part_number", "6645954284"], ["created_at", "2018-10-25 18:23:43.895059"], ["updated_at", "2018-10-25 18:23:43.895059"]]
  ↳ db/seeds.rb:15
  [1m[35m (86.1ms)[0m  [1m[36mcommit transaction[0m
  ↳ db/seeds.rb:15
  [1m[35m (0.1ms)[0m  [1m[36mbegin transaction[0m
  ↳ db/seeds.rb:15
  [1m[36mPart Create (0.3ms)[0m  [1m[32mINSERT INTO "parts" ("part_number", "created_at", "updated_at") VALUES (?, ?, ?)[0m  [["part_number", "3872161095"], ["created_at", "2018-10-25 18:23:43.983678"], ["updated_at", "2018-10-25 18:23:43.983678"]]
  ↳ db/seeds.rb:15
  [1m[35m (86.4ms)[0m  [1m[36mcommit transaction[0m
  ↳ db/seeds.rb:15
  [1m[35m (0.1ms)[0m  [1m[36mbegin transaction[0m
  ↳ db/seeds.rb:15
  [1m[36mPart Create (0.4ms)[0m  [1m[32mINSERT INTO "parts" ("part_number", "created_at", "updated_at") VALUES (?, ?, ?)[0m  [["part_number", "1102137275"], ["created_at", "2018-10-25 18:23:44.072552"], ["updated_at", "2018-10-25 18:23:44.072552"]]
  ↳ db/seeds.rb:15
  [1m[35m (86.0ms)[0m  [1m[36mcommit transaction[0m
  ↳ db/seeds.rb:15
  [1m[35m (0.1ms)[0m  [1m[36mbegin transaction[0m
  ↳ db/seeds.rb:15
  [1m[36mPart Create (0.4ms)[0m  [1m[32mINSERT INTO "parts" ("part_number", "created_at", "updated_at") VALUES (?, ?, ?)[0m  [["part_number", "4630232386"], ["created_at", "2018-10-25 18:23:44.161554"], ["updated_at", "2018-10-25 18:23:44.161554"]]
  ↳ db/seeds.rb:15
  [1m[35m (85.9ms)[0m  [1m[36mcommit transaction[0m
  ↳ db/seeds.rb:15
  [1m[35m (0.1ms)[0m  [1m[36mbegin transaction[0m
  ↳ db/seeds.rb:15
  [1m[36mPart Create (0.4ms)[0m  [1m[32mINSERT INTO "parts" ("part_number", "created_at", "updated_at") VALUES (?, ?, ?)[0m  [["part_number", "6609854580"], ["created_at", "2018-10-25 18:23:44.250014"], ["updated_at", "2018-10-25 18:23:44.250014"]]
  ↳ db/seeds.rb:15
  [1m[35m (86.3ms)[0m  [1m[36mcommit transaction[0m
  ↳ db/seeds.rb:15
  [1m[35m (0.1ms)[0m  [1m[36mbegin transaction[0m
  ↳ db/seeds.rb:15
  [1m[36mPart Create (0.3ms)[0m  [1m[32mINSERT INTO "parts" ("part_number", "created_at", "updated_at") VALUES (?, ?, ?)[0m  [["part_number", "3228317887"], ["created_at", "2018-10-25 18:23:44.339217"], ["updated_at", "2018-10-25 18:23:44.339217"]]
  ↳ db/seeds.rb:15
  [1m[35m (86.0ms)[0m  [1m[36mcommit transaction[0m
  ↳ db/seeds.rb:15
  [1m[35m (0.1ms)[0m  [1m[36mbegin transaction[0m
  ↳ db/seeds.rb:15
  [1m[36mPart Create (0.3ms)[0m  [1m[32mINSERT INTO "parts" ("part_number", "created_at", "updated_at") VALUES (?, ?, ?)[0m  [["part_number", "5005395769"], ["created_at", "2018-10-25 18:23:44.427571"], ["updated_at", "2018-10-25 18:23:44.427571"]]
  ↳ db/seeds.rb:15
  [1m[35m (86.6ms)[0m  [1m[36mcommit transaction[0m
  ↳ db/seeds.rb:15
  [1m[35m (0.0ms)[0m  [1m[36mbegin transaction[0m
  ↳ db/seeds.rb:21
  [1m[36mAssembly Create (0.3ms)[0m  [1m[32mINSERT INTO "assemblies" ("name", "last_name", "created_at", "updated_at") VALUES (?, ?, ?, ?)[0m  [["name", "Horsea"], ["last_name", "Viva"], ["created_at", "2018-10-25 18:23:44.600644"], ["updated_at", "2018-10-25 18:23:44.600644"]]
  ↳ db/seeds.rb:21
  [1m[35m (90.6ms)[0m  [1m[36mcommit transaction[0m
  ↳ db/seeds.rb:21
  [1m[35m (0.1ms)[0m  [1m[36mbegin transaction[0m
  ↳ db/seeds.rb:21
  [1m[36mAssembly Create (0.3ms)[0m  [1m[32mINSERT INTO "assemblies" ("name", "last_name", "created_at", "updated_at") VALUES (?, ?, ?, ?)[0m  [["name", "Pidgeot"], ["last_name", "Adrian"], ["created_at", "2018-10-25 18:23:44.694171"], ["updated_at", "2018-10-25 18:23:44.694171"]]
  ↳ db/seeds.rb:21
  [1m[35m (74.6ms)[0m  [1m[36mcommit transaction[0m
  ↳ db/seeds.rb:21
  [1m[35m (0.1ms)[0m  [1m[36mbegin transaction[0m
  ↳ db/seeds.rb:21
  [1m[36mAssembly Create (0.3ms)[0m  [1m[32mINSERT INTO "assemblies" ("name", "last_name", "created_at", "updated_at") VALUES (?, ?, ?, ?)[0m  [["name", "Drowzee"], ["last_name", "Evita"], ["created_at", "2018-10-25 18:23:44.771590"], ["updated_at", "2018-10-25 18:23:44.771590"]]
  ↳ db/seeds.rb:21
  [1m[35m (86.1ms)[0m  [1m[36mcommit transaction[0m
  ↳ db/seeds.rb:21
  [1m[35m (0.1ms)[0m  [1m[36mbegin transaction[0m
  ↳ db/seeds.rb:21
  [1m[36mAssembly Create (0.4ms)[0m  [1m[32mINSERT INTO "assemblies" ("name", "last_name", "created_at", "updated_at") VALUES (?, ?, ?, ?)[0m  [["name", "Mewtwo"], ["last_name", "Lean"], ["created_at", "2018-10-25 18:23:44.860327"], ["updated_at", "2018-10-25 18:23:44.860327"]]
  ↳ db/seeds.rb:21
  [1m[35m (85.9ms)[0m  [1m[36mcommit transaction[0m
  ↳ db/seeds.rb:21
  [1m[35m (0.1ms)[0m  [1m[36mbegin transaction[0m
  ↳ db/seeds.rb:21
  [1m[36mAssembly Create (0.3ms)[0m  [1m[32mINSERT INTO "assemblies" ("name", "last_name", "created_at", "updated_at") VALUES (?, ?, ?, ?)[0m  [["name", "Scyther"], ["last_name", "Dorinda"], ["created_at", "2018-10-25 18:23:44.949410"], ["updated_at", "2018-10-25 18:23:44.949410"]]
  ↳ db/seeds.rb:21
  [1m[35m (85.6ms)[0m  [1m[36mcommit transaction[0m
  ↳ db/seeds.rb:21
  [1m[35m (0.1ms)[0m  [1m[36mbegin transaction[0m
  ↳ db/seeds.rb:21
  [1m[36mAssembly Create (0.3ms)[0m  [1m[32mINSERT INTO "assemblies" ("name", "last_name", "created_at", "updated_at") VALUES (?, ?, ?, ?)[0m  [["name", "Voltorb"], ["last_name", "Nannie"], ["created_at", "2018-10-25 18:23:45.037667"], ["updated_at", "2018-10-25 18:23:45.037667"]]
  ↳ db/seeds.rb:21
  [1m[35m (86.0ms)[0m  [1m[36mcommit transaction[0m
  ↳ db/seeds.rb:21
  [1m[35m (0.1ms)[0m  [1m[36mbegin transaction[0m
  ↳ db/seeds.rb:21
  [1m[36mAssembly Create (0.4ms)[0m  [1m[32mINSERT INTO "assemblies" ("name", "last_name", "created_at", "updated_at") VALUES (?, ?, ?, ?)[0m  [["name", "Dodrio"], ["last_name", "Lane"], ["created_at", "2018-10-25 18:23:45.126826"], ["updated_at", "2018-10-25 18:23:45.126826"]]
  ↳ db/seeds.rb:21
  [1m[35m (96.6ms)[0m  [1m[36mcommit transaction[0m
  ↳ db/seeds.rb:21
  [1m[35m (0.2ms)[0m  [1m[36mbegin transaction[0m
  ↳ db/seeds.rb:21
  [1m[36mAssembly Create (0.3ms)[0m  [1m[32mINSERT INTO "assemblies" ("name", "last_name", "created_at", "updated_at") VALUES (?, ?, ?, ?)[0m  [["name", "Nidorina"], ["last_name", "Tiffany"], ["created_at", "2018-10-25 18:23:45.226673"], ["updated_at", "2018-10-25 18:23:45.226673"]]
  ↳ db/seeds.rb:21
  [1m[35m (85.2ms)[0m  [1m[36mcommit transaction[0m
  ↳ db/seeds.rb:21
  [1m[35m (0.1ms)[0m  [1m[36mbegin transaction[0m
  ↳ db/seeds.rb:21
  [1m[36mAssembly Create (0.4ms)[0m  [1m[32mINSERT INTO "assemblies" ("name", "last_name", "created_at", "updated_at") VALUES (?, ?, ?, ?)[0m  [["name", "Omastar"], ["last_name", "Zane"], ["created_at", "2018-10-25 18:23:45.314898"], ["updated_at", "2018-10-25 18:23:45.314898"]]
  ↳ db/seeds.rb:21
  [1m[35m (86.2ms)[0m  [1m[36mcommit transaction[0m
  ↳ db/seeds.rb:21
  [1m[35m (0.1ms)[0m  [1m[36mbegin transaction[0m
  ↳ db/seeds.rb:21
  [1m[36mAssembly Create (0.4ms)[0m  [1m[32mINSERT INTO "assemblies" ("name", "last_name", "created_at", "updated_at") VALUES (?, ?, ?, ?)[0m  [["name", "Mankey"], ["last_name", "Mikki"], ["created_at", "2018-10-25 18:23:45.404143"], ["updated_at", "2018-10-25 18:23:45.404143"]]
  ↳ db/seeds.rb:21
  [1m[35m (96.8ms)[0m  [1m[36mcommit transaction[0m
  ↳ db/seeds.rb:21
  [1m[35m (0.1ms)[0m  [1m[34mSELECT "schema_migrations"."version" FROM "schema_migrations" ORDER BY "schema_migrations"."version" ASC[0m
  ↳ bin/rails:9
  [1m[35m (0.1ms)[0m  [1m[36mbegin transaction[0m
  ↳ db/seeds.rb:15
  [1m[36mPart Create (0.4ms)[0m  [1m[32mINSERT INTO "parts" ("part_number", "created_at", "updated_at") VALUES (?, ?, ?)[0m  [["part_number", "4038781208"], ["created_at", "2018-10-25 18:24:18.522325"], ["updated_at", "2018-10-25 18:24:18.522325"]]
  ↳ db/seeds.rb:15
  [1m[35m (93.1ms)[0m  [1m[36mcommit transaction[0m
  ↳ db/seeds.rb:15
  [1m[35m (0.1ms)[0m  [1m[36mbegin transaction[0m
  ↳ db/seeds.rb:15
  [1m[36mPart Create (0.3ms)[0m  [1m[32mINSERT INTO "parts" ("part_number", "created_at", "updated_at") VALUES (?, ?, ?)[0m  [["part_number", "9072878027"], ["created_at", "2018-10-25 18:24:18.617752"], ["updated_at", "2018-10-25 18:24:18.617752"]]
  ↳ db/seeds.rb:15
  [1m[35m (75.1ms)[0m  [1m[36mcommit transaction[0m
  ↳ db/seeds.rb:15
  [1m[35m (0.1ms)[0m  [1m[36mbegin transaction[0m
  ↳ db/seeds.rb:15
  [1m[36mPart Create (0.3ms)[0m  [1m[32mINSERT INTO "parts" ("part_number", "created_at", "updated_at") VALUES (?, ?, ?)[0m  [["part_number", "8410021010"], ["created_at", "2018-10-25 18:24:18.695357"], ["updated_at", "2018-10-25 18:24:18.695357"]]
  ↳ db/seeds.rb:15
  [1m[35m (75.4ms)[0m  [1m[36mcommit transaction[0m
  ↳ db/seeds.rb:15
  [1m[35m (0.1ms)[0m  [1m[36mbegin transaction[0m
  ↳ db/seeds.rb:15
  [1m[36mPart Create (0.3ms)[0m  [1m[32mINSERT INTO "parts" ("part_number", "created_at", "updated_at") VALUES (?, ?, ?)[0m  [["part_number", "9489432549"], ["created_at", "2018-10-25 18:24:18.773864"], ["updated_at", "2018-10-25 18:24:18.773864"]]
  ↳ db/seeds.rb:15
  [1m[35m (85.7ms)[0m  [1m[36mcommit transaction[0m
  ↳ db/seeds.rb:15
  [1m[35m (0.1ms)[0m  [1m[36mbegin transaction[0m
  ↳ db/seeds.rb:15
  [1m[36mPart Create (0.9ms)[0m  [1m[32mINSERT INTO "parts" ("part_number", "created_at", "updated_at") VALUES (?, ?, ?)[0m  [["part_number", "2498725502"], ["created_at", "2018-10-25 18:24:18.862001"], ["updated_at", "2018-10-25 18:24:18.862001"]]
  ↳ db/seeds.rb:15
  [1m[35m (96.3ms)[0m  [1m[36mcommit transaction[0m
  ↳ db/seeds.rb:15
  [1m[35m (0.1ms)[0m  [1m[36mbegin transaction[0m
  ↳ db/seeds.rb:15
  [1m[36mPart Create (0.4ms)[0m  [1m[32mINSERT INTO "parts" ("part_number", "created_at", "updated_at") VALUES (?, ?, ?)[0m  [["part_number", "5969913090"], ["created_at", "2018-10-25 18:24:18.962050"], ["updated_at", "2018-10-25 18:24:18.962050"]]
  ↳ db/seeds.rb:15
  [1m[35m (97.0ms)[0m  [1m[36mcommit transaction[0m
  ↳ db/seeds.rb:15
  [1m[35m (0.1ms)[0m  [1m[36mbegin transaction[0m
  ↳ db/seeds.rb:15
  [1m[36mPart Create (0.4ms)[0m  [1m[32mINSERT INTO "parts" ("part_number", "created_at", "updated_at") VALUES (?, ?, ?)[0m  [["part_number", "9712113925"], ["created_at", "2018-10-25 18:24:19.061898"], ["updated_at", "2018-10-25 18:24:19.061898"]]
  ↳ db/seeds.rb:15
  [1m[35m (77.0ms)[0m  [1m[36mcommit transaction[0m
  ↳ db/seeds.rb:15
  [1m[35m (0.1ms)[0m  [1m[36mbegin transaction[0m
  ↳ db/seeds.rb:15
  [1m[36mPart Create (0.5ms)[0m  [1m[32mINSERT INTO "parts" ("part_number", "created_at", "updated_at") VALUES (?, ?, ?)[0m  [["part_number", "6853719542"], ["created_at", "2018-10-25 18:24:19.153397"], ["updated_at", "2018-10-25 18:24:19.153397"]]
  ↳ db/seeds.rb:15
  [1m[35m (82.9ms)[0m  [1m[36mcommit transaction[0m
  ↳ db/seeds.rb:15
  [1m[35m (0.1ms)[0m  [1m[36mbegin transaction[0m
  ↳ db/seeds.rb:15
  [1m[36mPart Create (0.4ms)[0m  [1m[32mINSERT INTO "parts" ("part_number", "created_at", "updated_at") VALUES (?, ?, ?)[0m  [["part_number", "9357387607"], ["created_at", "2018-10-25 18:24:19.240038"], ["updated_at", "2018-10-25 18:24:19.240038"]]
  ↳ db/seeds.rb:15
  [1m[35m (86.7ms)[0m  [1m[36mcommit transaction[0m
  ↳ db/seeds.rb:15
  [1m[35m (0.1ms)[0m  [1m[36mbegin transaction[0m
  ↳ db/seeds.rb:15
  [1m[36mPart Create (0.4ms)[0m  [1m[32mINSERT INTO "parts" ("part_number", "created_at", "updated_at") VALUES (?, ?, ?)[0m  [["part_number", "4597125729"], ["created_at", "2018-10-25 18:24:19.331534"], ["updated_at", "2018-10-25 18:24:19.331534"]]
  ↳ db/seeds.rb:15
  [1m[35m (83.3ms)[0m  [1m[36mcommit transaction[0m
  ↳ db/seeds.rb:15
  [1m[35m (0.0ms)[0m  [1m[36mbegin transaction[0m
  ↳ db/seeds.rb:21
  [1m[36mAssembly Create (0.3ms)[0m  [1m[32mINSERT INTO "assemblies" ("name", "last_name", "created_at", "updated_at") VALUES (?, ?, ?, ?)[0m  [["name", "Sandshrew"], ["last_name", "Arlene"], ["created_at", "2018-10-25 18:24:19.500528"], ["updated_at", "2018-10-25 18:24:19.500528"]]
  ↳ db/seeds.rb:21
  [1m[35m (69.1ms)[0m  [1m[36mcommit transaction[0m
  ↳ db/seeds.rb:21
  [1m[35m (0.1ms)[0m  [1m[36mbegin transaction[0m
  ↳ db/seeds.rb:21
  [1m[36mAssembly Create (0.3ms)[0m  [1m[32mINSERT INTO "assemblies" ("name", "last_name", "created_at", "updated_at") VALUES (?, ?, ?, ?)[0m  [["name", "Hitmonchan"], ["last_name", "Arnold"], ["created_at", "2018-10-25 18:24:19.573779"], ["updated_at", "2018-10-25 18:24:19.573779"]]
  ↳ db/seeds.rb:21
  [1m[35m (94.2ms)[0m  [1m[36mcommit transaction[0m
  ↳ db/seeds.rb:21
  [1m[35m (0.1ms)[0m  [1m[36mbegin transaction[0m
  ↳ db/seeds.rb:21
  [1m[36mAssembly Create (0.4ms)[0m  [1m[32mINSERT INTO "assemblies" ("name", "last_name", "created_at", "updated_at") VALUES (?, ?, ?, ?)[0m  [["name", "Lickitung"], ["last_name", "Alida"], ["created_at", "2018-10-25 18:24:19.674621"], ["updated_at", "2018-10-25 18:24:19.674621"]]
  ↳ db/seeds.rb:21
  [1m[35m (82.1ms)[0m  [1m[36mcommit transaction[0m
  ↳ db/seeds.rb:21
  [1m[35m (0.1ms)[0m  [1m[36mbegin transaction[0m
  ↳ db/seeds.rb:21
  [1m[36mAssembly Create (0.5ms)[0m  [1m[32mINSERT INTO "assemblies" ("name", "last_name", "created_at", "updated_at") VALUES (?, ?, ?, ?)[0m  [["name", "Onix"], ["last_name", "Irina"], ["created_at", "2018-10-25 18:24:19.762435"], ["updated_at", "2018-10-25 18:24:19.762435"]]
  ↳ db/seeds.rb:21
  [1m[35m (94.9ms)[0m  [1m[36mcommit transaction[0m
  ↳ db/seeds.rb:21
  [1m[35m (0.1ms)[0m  [1m[36mbegin transaction[0m
  ↳ db/seeds.rb:21
  [1m[36mAssembly Create (0.6ms)[0m  [1m[32mINSERT INTO "assemblies" ("name", "last_name", "created_at", "updated_at") VALUES (?, ?, ?, ?)[0m  [["name", "Omanyte"], ["last_name", "Sherise"], ["created_at", "2018-10-25 18:24:19.862377"], ["updated_at", "2018-10-25 18:24:19.862377"]]
  ↳ db/seeds.rb:21
  [1m[35m (95.4ms)[0m  [1m[36mcommit transaction[0m
  ↳ db/seeds.rb:21
  [1m[35m (0.1ms)[0m  [1m[36mbegin transaction[0m
  ↳ db/seeds.rb:21
  [1m[36mAssembly Create (0.4ms)[0m  [1m[32mINSERT INTO "assemblies" ("name", "last_name", "created_at", "updated_at") VALUES (?, ?, ?, ?)[0m  [["name", "Tentacool"], ["last_name", "Elza"], ["created_at", "2018-10-25 18:24:19.962290"], ["updated_at", "2018-10-25 18:24:19.962290"]]
  ↳ db/seeds.rb:21
  [1m[35m (94.7ms)[0m  [1m[36mcommit transaction[0m
  ↳ db/seeds.rb:21
  [1m[35m (0.1ms)[0m  [1m[36mbegin transaction[0m
  ↳ db/seeds.rb:21
  [1m[36mAssembly Create (0.4ms)[0m  [1m[32mINSERT INTO "assemblies" ("name", "last_name", "created_at", "updated_at") VALUES (?, ?, ?, ?)[0m  [["name", "Hypno"], ["last_name", "Moshe"], ["created_at", "2018-10-25 18:24:20.061387"], ["updated_at", "2018-10-25 18:24:20.061387"]]
  ↳ db/seeds.rb:21
  [1m[35m (95.9ms)[0m  [1m[36mcommit transaction[0m
  ↳ db/seeds.rb:21
  [1m[35m (0.1ms)[0m  [1m[36mbegin transaction[0m
  ↳ db/seeds.rb:21
  [1m[36mAssembly Create (0.3ms)[0m  [1m[32mINSERT INTO "assemblies" ("name", "last_name", "created_at", "updated_at") VALUES (?, ?, ?, ?)[0m  [["name", "Venonat"], ["last_name", "Jude"], ["created_at", "2018-10-25 18:24:20.163192"], ["updated_at", "2018-10-25 18:24:20.163192"]]
  ↳ db/seeds.rb:21
  [1m[35m (82.0ms)[0m  [1m[36mcommit transaction[0m
  ↳ db/seeds.rb:21
  [1m[35m (0.1ms)[0m  [1m[36mbegin transaction[0m
  ↳ db/seeds.rb:21
  [1m[36mAssembly Create (0.5ms)[0m  [1m[32mINSERT INTO "assemblies" ("name", "last_name", "created_at", "updated_at") VALUES (?, ?, ?, ?)[0m  [["name", "Venonat"], ["last_name", "Gail"], ["created_at", "2018-10-25 18:24:20.250341"], ["updated_at", "2018-10-25 18:24:20.250341"]]
  ↳ db/seeds.rb:21
  [1m[35m (97.0ms)[0m  [1m[36mcommit transaction[0m
  ↳ db/seeds.rb:21
  [1m[35m (0.2ms)[0m  [1m[36mbegin transaction[0m
  ↳ db/seeds.rb:21
  [1m[36mAssembly Create (0.6ms)[0m  [1m[32mINSERT INTO "assemblies" ("name", "last_name", "created_at", "updated_at") VALUES (?, ?, ?, ?)[0m  [["name", "Kingler"], ["last_name", "Magdalen"], ["created_at", "2018-10-25 18:24:20.350862"], ["updated_at", "2018-10-25 18:24:20.350862"]]
  ↳ db/seeds.rb:21
  [1m[35m (94.7ms)[0m  [1m[36mcommit transaction[0m
  ↳ db/seeds.rb:21
  [1m[35m (0.1ms)[0m  [1m[34mSELECT "schema_migrations"."version" FROM "schema_migrations" ORDER BY "schema_migrations"."version" ASC[0m
  ↳ bin/rails:9
  [1m[35m (0.0ms)[0m  [1m[36mbegin transaction[0m
  ↳ db/seeds.rb:15
  [1m[36mPart Create (0.3ms)[0m  [1m[32mINSERT INTO "parts" ("part_number", "created_at", "updated_at") VALUES (?, ?, ?)[0m  [["part_number", "4308672799"], ["created_at", "2018-10-25 18:24:47.894796"], ["updated_at", "2018-10-25 18:24:47.894796"]]
  ↳ db/seeds.rb:15
  [1m[35m (74.0ms)[0m  [1m[36mcommit transaction[0m
  ↳ db/seeds.rb:15
  [1m[35m (0.1ms)[0m  [1m[36mbegin transaction[0m
  ↳ db/seeds.rb:15
  [1m[36mPart Create (0.4ms)[0m  [1m[32mINSERT INTO "parts" ("part_number", "created_at", "updated_at") VALUES (?, ?, ?)[0m  [["part_number", "3237425943"], ["created_at", "2018-10-25 18:24:47.971037"], ["updated_at", "2018-10-25 18:24:47.971037"]]
  ↳ db/seeds.rb:15
  [1m[35m (86.7ms)[0m  [1m[36mcommit transaction[0m
  ↳ db/seeds.rb:15
  [1m[35m (0.1ms)[0m  [1m[36mbegin transaction[0m
  ↳ db/seeds.rb:15
  [1m[36mPart Create (0.4ms)[0m  [1m[32mINSERT INTO "parts" ("part_number", "created_at", "updated_at") VALUES (?, ?, ?)[0m  [["part_number", "7141329155"], ["created_at", "2018-10-25 18:24:48.060226"], ["updated_at", "2018-10-25 18:24:48.060226"]]
  ↳ db/seeds.rb:15
  [1m[35m (86.3ms)[0m  [1m[36mcommit transaction[0m
  ↳ db/seeds.rb:15
  [1m[35m (0.1ms)[0m  [1m[36mbegin transaction[0m
  ↳ db/seeds.rb:15
  [1m[36mPart Create (0.3ms)[0m  [1m[32mINSERT INTO "parts" ("part_number", "created_at", "updated_at") VALUES (?, ?, ?)[0m  [["part_number", "2168243292"], ["created_at", "2018-10-25 18:24:48.148911"], ["updated_at", "2018-10-25 18:24:48.148911"]]
  ↳ db/seeds.rb:15
  [1m[35m (76.7ms)[0m  [1m[36mcommit transaction[0m
  ↳ db/seeds.rb:15
  [1m[35m (0.1ms)[0m  [1m[36mbegin transaction[0m
  ↳ db/seeds.rb:15
  [1m[36mPart Create (0.3ms)[0m  [1m[32mINSERT INTO "parts" ("part_number", "created_at", "updated_at") VALUES (?, ?, ?)[0m  [["part_number", "2742710025"], ["created_at", "2018-10-25 18:24:48.228237"], ["updated_at", "2018-10-25 18:24:48.228237"]]
  ↳ db/seeds.rb:15
  [1m[35m (84.8ms)[0m  [1m[36mcommit transaction[0m
  ↳ db/seeds.rb:15
  [1m[35m (0.1ms)[0m  [1m[36mbegin transaction[0m
  ↳ db/seeds.rb:15
  [1m[36mPart Create (0.4ms)[0m  [1m[32mINSERT INTO "parts" ("part_number", "created_at", "updated_at") VALUES (?, ?, ?)[0m  [["part_number", "6126526594"], ["created_at", "2018-10-25 18:24:48.315738"], ["updated_at", "2018-10-25 18:24:48.315738"]]
  ↳ db/seeds.rb:15
  [1m[35m (97.0ms)[0m  [1m[36mcommit transaction[0m
  ↳ db/seeds.rb:15
  [1m[35m (0.1ms)[0m  [1m[36mbegin transaction[0m
  ↳ db/seeds.rb:15
  [1m[36mPart Create (0.4ms)[0m  [1m[32mINSERT INTO "parts" ("part_number", "created_at", "updated_at") VALUES (?, ?, ?)[0m  [["part_number", "4392390733"], ["created_at", "2018-10-25 18:24:48.415040"], ["updated_at", "2018-10-25 18:24:48.415040"]]
  ↳ db/seeds.rb:15
  [1m[35m (97.5ms)[0m  [1m[36mcommit transaction[0m
  ↳ db/seeds.rb:15
  [1m[35m (0.1ms)[0m  [1m[36mbegin transaction[0m
  ↳ db/seeds.rb:15
  [1m[36mPart Create (0.3ms)[0m  [1m[32mINSERT INTO "parts" ("part_number", "created_at", "updated_at") VALUES (?, ?, ?)[0m  [["part_number", "6473431460"], ["created_at", "2018-10-25 18:24:48.515021"], ["updated_at", "2018-10-25 18:24:48.515021"]]
  ↳ db/seeds.rb:15
  [1m[35m (110.2ms)[0m  [1m[36mcommit transaction[0m
  ↳ db/seeds.rb:15
  [1m[35m (0.1ms)[0m  [1m[36mbegin transaction[0m
  ↳ db/seeds.rb:15
  [1m[36mPart Create (0.4ms)[0m  [1m[32mINSERT INTO "parts" ("part_number", "created_at", "updated_at") VALUES (?, ?, ?)[0m  [["part_number", "6582992711"], ["created_at", "2018-10-25 18:24:48.627659"], ["updated_at", "2018-10-25 18:24:48.627659"]]
  ↳ db/seeds.rb:15
  [1m[35m (95.4ms)[0m  [1m[36mcommit transaction[0m
  ↳ db/seeds.rb:15
  [1m[35m (0.1ms)[0m  [1m[36mbegin transaction[0m
  ↳ db/seeds.rb:15
  [1m[36mPart Create (0.3ms)[0m  [1m[32mINSERT INTO "parts" ("part_number", "created_at", "updated_at") VALUES (?, ?, ?)[0m  [["part_number", "9298503702"], ["created_at", "2018-10-25 18:24:48.725822"], ["updated_at", "2018-10-25 18:24:48.725822"]]
  ↳ db/seeds.rb:15
  [1m[35m (86.2ms)[0m  [1m[36mcommit transaction[0m
  ↳ db/seeds.rb:15
  [1m[35m (0.1ms)[0m  [1m[36mbegin transaction[0m
  ↳ db/seeds.rb:21
  [1m[36mAssembly Create (0.3ms)[0m  [1m[32mINSERT INTO "assemblies" ("name", "last_name", "created_at", "updated_at") VALUES (?, ?, ?, ?)[0m  [["name", "Golbat"], ["last_name", "Serina"], ["created_at", "2018-10-25 18:24:48.892019"], ["updated_at", "2018-10-25 18:24:48.892019"]]
  ↳ db/seeds.rb:21
  [1m[35m (64.1ms)[0m  [1m[36mcommit transaction[0m
  ↳ db/seeds.rb:21
  [1m[35m (0.1ms)[0m  [1m[36mbegin transaction[0m
  ↳ db/seeds.rb:21
  [1m[36mAssembly Create (0.3ms)[0m  [1m[32mINSERT INTO "assemblies" ("name", "last_name", "created_at", "updated_at") VALUES (?, ?, ?, ?)[0m  [["name", "Seadra"], ["last_name", "Sherron"], ["created_at", "2018-10-25 18:24:48.958936"], ["updated_at", "2018-10-25 18:24:48.958936"]]
  ↳ db/seeds.rb:21
  [1m[35m (85.8ms)[0m  [1m[36mcommit transaction[0m
  ↳ db/seeds.rb:21
  [1m[35m (0.1ms)[0m  [1m[36mbegin transaction[0m
  ↳ db/seeds.rb:21
  [1m[36mAssembly Create (0.4ms)[0m  [1m[32mINSERT INTO "assemblies" ("name", "last_name", "created_at", "updated_at") VALUES (?, ?, ?, ?)[0m  [["name", "Paras"], ["last_name", "Karol"], ["created_at", "2018-10-25 18:24:49.047688"], ["updated_at", "2018-10-25 18:24:49.047688"]]
  ↳ db/seeds.rb:21
  [1m[35m (87.0ms)[0m  [1m[36mcommit transaction[0m
  ↳ db/seeds.rb:21
  [1m[35m (0.1ms)[0m  [1m[36mbegin transaction[0m
  ↳ db/seeds.rb:21
  [1m[36mAssembly Create (0.6ms)[0m  [1m[32mINSERT INTO "assemblies" ("name", "last_name", "created_at", "updated_at") VALUES (?, ?, ?, ?)[0m  [["name", "Charmeleon"], ["last_name", "Golden"], ["created_at", "2018-10-25 18:24:49.143574"], ["updated_at", "2018-10-25 18:24:49.143574"]]
  ↳ db/seeds.rb:21
  [1m[35m (62.6ms)[0m  [1m[36mcommit transaction[0m
  ↳ db/seeds.rb:21
  [1m[35m (0.1ms)[0m  [1m[36mbegin transaction[0m
  ↳ db/seeds.rb:21
  [1m[36mAssembly Create (0.4ms)[0m  [1m[32mINSERT INTO "assemblies" ("name", "last_name", "created_at", "updated_at") VALUES (?, ?, ?, ?)[0m  [["name", "Nidorina"], ["last_name", "Teressa"], ["created_at", "2018-10-25 18:24:49.215349"], ["updated_at", "2018-10-25 18:24:49.215349"]]
  ↳ db/seeds.rb:21
  [1m[35m (95.3ms)[0m  [1m[36mcommit transaction[0m
  ↳ db/seeds.rb:21
  [1m[35m (0.1ms)[0m  [1m[36mbegin transaction[0m
  ↳ db/seeds.rb:21
  [1m[36mAssembly Create (0.5ms)[0m  [1m[32mINSERT INTO "assemblies" ("name", "last_name", "created_at", "updated_at") VALUES (?, ?, ?, ?)[0m  [["name", "Mewtwo"], ["last_name", "Eliz"], ["created_at", "2018-10-25 18:24:49.318327"], ["updated_at", "2018-10-25 18:24:49.318327"]]
  ↳ db/seeds.rb:21
  [1m[35m (80.2ms)[0m  [1m[36mcommit transaction[0m
  ↳ db/seeds.rb:21
  [1m[35m (0.2ms)[0m  [1m[36mbegin transaction[0m
  ↳ db/seeds.rb:21
  [1m[36mAssembly Create (0.7ms)[0m  [1m[32mINSERT INTO "assemblies" ("name", "last_name", "created_at", "updated_at") VALUES (?, ?, ?, ?)[0m  [["name", "Flareon"], ["last_name", "Fleta"], ["created_at", "2018-10-25 18:24:49.405412"], ["updated_at", "2018-10-25 18:24:49.405412"]]
  ↳ db/seeds.rb:21
  [1m[35m (82.8ms)[0m  [1m[36mcommit transaction[0m
  ↳ db/seeds.rb:21
  [1m[35m (0.1ms)[0m  [1m[36mbegin transaction[0m
  ↳ db/seeds.rb:21
  [1m[36mAssembly Create (0.3ms)[0m  [1m[32mINSERT INTO "assemblies" ("name", "last_name", "created_at", "updated_at") VALUES (?, ?, ?, ?)[0m  [["name", "Jigglypuff"], ["last_name", "Darrel"], ["created_at", "2018-10-25 18:24:49.493394"], ["updated_at", "2018-10-25 18:24:49.493394"]]
  ↳ db/seeds.rb:21
  [1m[35m (108.0ms)[0m  [1m[36mcommit transaction[0m
  ↳ db/seeds.rb:21
  [1m[35m (0.1ms)[0m  [1m[36mbegin transaction[0m
  ↳ db/seeds.rb:21
  [1m[36mAssembly Create (0.3ms)[0m  [1m[32mINSERT INTO "assemblies" ("name", "last_name", "created_at", "updated_at") VALUES (?, ?, ?, ?)[0m  [["name", "Nidorina"], ["last_name", "Bart"], ["created_at", "2018-10-25 18:24:49.604069"], ["updated_at", "2018-10-25 18:24:49.604069"]]
  ↳ db/seeds.rb:21
  [1m[35m (83.5ms)[0m  [1m[36mcommit transaction[0m
  ↳ db/seeds.rb:21
  [1m[35m (0.2ms)[0m  [1m[36mbegin transaction[0m
  ↳ db/seeds.rb:21
  [1m[36mAssembly Create (0.6ms)[0m  [1m[32mINSERT INTO "assemblies" ("name", "last_name", "created_at", "updated_at") VALUES (?, ?, ?, ?)[0m  [["name", "Magmar"], ["last_name", "Dwayne"], ["created_at", "2018-10-25 18:24:49.692863"], ["updated_at", "2018-10-25 18:24:49.692863"]]
  ↳ db/seeds.rb:21
  [1m[35m (93.7ms)[0m  [1m[36mcommit transaction[0m
  ↳ db/seeds.rb:21
  [1m[35m (0.1ms)[0m  [1m[36mbegin transaction[0m
  ↳ db/seeds.rb:26
  [1m[36mAssembliesPart Create (0.4ms)[0m  [1m[32mINSERT INTO "assemblies_parts" ("assembly_id", "part_id") VALUES (?, ?)[0m  [["assembly_id", 7881506769], ["part_id", 8310333061]]
  ↳ db/seeds.rb:26
  [1m[35m (96.9ms)[0m  [1m[36mcommit transaction[0m
  ↳ db/seeds.rb:26
  [1m[35m (0.1ms)[0m  [1m[36mbegin transaction[0m
  ↳ db/seeds.rb:26
  [1m[36mAssembliesPart Create (0.4ms)[0m  [1m[32mINSERT INTO "assemblies_parts" ("assembly_id", "part_id") VALUES (?, ?)[0m  [["assembly_id", 1059014247], ["part_id", 8593990863]]
  ↳ db/seeds.rb:26
  [1m[35m (106.0ms)[0m  [1m[36mcommit transaction[0m
  ↳ db/seeds.rb:26
  [1m[35m (0.1ms)[0m  [1m[36mbegin transaction[0m
  ↳ db/seeds.rb:26
  [1m[36mAssembliesPart Create (0.4ms)[0m  [1m[32mINSERT INTO "assemblies_parts" ("assembly_id", "part_id") VALUES (?, ?)[0m  [["assembly_id", 3279457834], ["part_id", 7906400284]]
  ↳ db/seeds.rb:26
  [1m[35m (94.8ms)[0m  [1m[36mcommit transaction[0m
  ↳ db/seeds.rb:26
  [1m[35m (0.1ms)[0m  [1m[36mbegin transaction[0m
  ↳ db/seeds.rb:26
  [1m[36mAssembliesPart Create (0.4ms)[0m  [1m[32mINSERT INTO "assemblies_parts" ("assembly_id", "part_id") VALUES (?, ?)[0m  [["assembly_id", 8505005913], ["part_id", 7843664043]]
  ↳ db/seeds.rb:26
  [1m[35m (83.9ms)[0m  [1m[36mcommit transaction[0m
  ↳ db/seeds.rb:26
  [1m[35m (0.2ms)[0m  [1m[36mbegin transaction[0m
  ↳ db/seeds.rb:26
  [1m[36mAssembliesPart Create (0.7ms)[0m  [1m[32mINSERT INTO "assemblies_parts" ("assembly_id", "part_id") VALUES (?, ?)[0m  [["assembly_id", 8291401148], ["part_id", 7687978716]]
  ↳ db/seeds.rb:26
  [1m[35m (93.7ms)[0m  [1m[36mcommit transaction[0m
  ↳ db/seeds.rb:26
  [1m[35m (0.1ms)[0m  [1m[36mbegin transaction[0m
  ↳ db/seeds.rb:26
  [1m[36mAssembliesPart Create (0.4ms)[0m  [1m[32mINSERT INTO "assemblies_parts" ("assembly_id", "part_id") VALUES (?, ?)[0m  [["assembly_id", 8742555210], ["part_id", 5127439972]]
  ↳ db/seeds.rb:26
  [1m[35m (84.6ms)[0m  [1m[36mcommit transaction[0m
  ↳ db/seeds.rb:26
  [1m[35m (0.2ms)[0m  [1m[36mbegin transaction[0m
  ↳ db/seeds.rb:26
  [1m[36mAssembliesPart Create (0.6ms)[0m  [1m[32mINSERT INTO "assemblies_parts" ("assembly_id", "part_id") VALUES (?, ?)[0m  [["assembly_id", 3788330111], ["part_id", 4802643466]]
  ↳ db/seeds.rb:26
  [1m[35m (94.2ms)[0m  [1m[36mcommit transaction[0m
  ↳ db/seeds.rb:26
  [1m[35m (0.1ms)[0m  [1m[36mbegin transaction[0m
  ↳ db/seeds.rb:26
  [1m[36mAssembliesPart Create (0.4ms)[0m  [1m[32mINSERT INTO "assemblies_parts" ("assembly_id", "part_id") VALUES (?, ?)[0m  [["assembly_id", 4313132234], ["part_id", 6758149953]]
  ↳ db/seeds.rb:26
  [1m[35m (95.8ms)[0m  [1m[36mcommit transaction[0m
  ↳ db/seeds.rb:26
  [1m[35m (0.1ms)[0m  [1m[36mbegin transaction[0m
  ↳ db/seeds.rb:26
  [1m[36mAssembliesPart Create (0.7ms)[0m  [1m[32mINSERT INTO "assemblies_parts" ("assembly_id", "part_id") VALUES (?, ?)[0m  [["assembly_id", 1035933336], ["part_id", 5579599354]]
  ↳ db/seeds.rb:26
  [1m[35m (93.2ms)[0m  [1m[36mcommit transaction[0m
  ↳ db/seeds.rb:26
  [1m[35m (0.1ms)[0m  [1m[36mbegin transaction[0m
  ↳ db/seeds.rb:26
  [1m[36mAssembliesPart Create (1.0ms)[0m  [1m[32mINSERT INTO "assemblies_parts" ("assembly_id", "part_id") VALUES (?, ?)[0m  [["assembly_id", 4745772732], ["part_id", 1304964640]]
  ↳ db/seeds.rb:26
  [1m[35m (83.7ms)[0m  [1m[36mcommit transaction[0m
  ↳ db/seeds.rb:26
